<?xml version="1.0" encoding="UTF-8"?>
<!-- Generated by org.testng.reporters.JUnitXMLReporter -->
<testsuite hostname="A2ML12985" ignored="0" name="Flight booking tests" tests="2" failures="0" timestamp="23 Mar 2018 12:30:59 GMT" time="48.638" errors="0">
  <testcase name="validateLogIn" time="2.259" classname="mercury.bookflight.testcases.MercuryTestCases"/>
  <testcase name="bookReturnFlightTickets" time="11.613" classname="mercury.bookflight.testcases.MercuryTestCases"/>
</testsuite> <!-- Flight booking tests -->
