<?xml version="1.0" encoding="UTF-8"?>
<!-- Generated by org.testng.reporters.JUnitXMLReporter -->
<testsuite hostname="A2ML12985" ignored="0" name="Default test" tests="2" failures="0" timestamp="23 Mar 2018 12:05:18 GMT" time="105.87" errors="0">
  <testcase name="validateLogIn" time="10.793" classname="mercury.bookflight.testcases.MercuryTestCases"/>
  <testcase name="bookReturnFlightTickets" time="37.714" classname="mercury.bookflight.testcases.MercuryTestCases"/>
</testsuite> <!-- Default test -->
